# JRE version: OpenJDK Runtime Environment (17.0.17) (build 17.0.17+0-nixos)
# Java VM: OpenJDK 64-Bit Server VM (17.0.17+0-nixos, mixed mode, sharing, tiered, compressed oops, compressed class ptrs, g1 gc, linux-amd64)
GC Precious Log:
 CPUs: 12 total, 12 available
 Memory: 32022M
 Large Page Support: Disabled
 NUMA Support: Disabled
 Compressed Oops: Enabled (32-bit)
 Heap Region Size: 1M
 Heap Min Capacity: 8M
 Heap Initial Capacity: 502M
 Heap Max Capacity: 1G
 Pre-touch: Disabled
 Parallel Workers: 10
 Concurrent Workers: 3
 Concurrent Refinement Workers: 10
 Periodic GC: Disabled
Heap:
 garbage-first heap   total 249856K, used 128978K [0x00000000c0000000, 0x0000000100000000)
  region size 1024K, 8 young (8192K), 3 survivors (3072K)
 Metaspace       used 82413K, committed 83264K, reserved 1179648K
  class space    used 10776K, committed 11200K, reserved 1048576K
GC Heap History (20 events):
Event: 1.940 GC heap before
{Heap before GC invocations=7 (full 0):
 garbage-first heap   total 81920K, used 35878K [0x00000000c0000000, 0x0000000100000000)
  region size 1024K, 9 young (9216K), 5 survivors (5120K)
 Metaspace       used 35640K, committed 35968K, reserved 1114112K
  class space    used 4947K, committed 5120K, reserved 1048576K
}
Event: 1.943 GC heap after
{Heap after GC invocations=8 (full 0):
 garbage-first heap   total 81920K, used 33801K [0x00000000c0000000, 0x0000000100000000)
  region size 1024K, 1 young (1024K), 1 survivors (1024K)
 Metaspace       used 35640K, committed 35968K, reserved 1114112K
  class space    used 4947K, committed 5120K, reserved 1048576K
}
Event: 2.126 GC heap before
{Heap before GC invocations=9 (full 0):
 garbage-first heap   total 81920K, used 57353K [0x00000000c0000000, 0x0000000100000000)
  region size 1024K, 25 young (25600K), 1 survivors (1024K)
 Metaspace       used 37967K, committed 38464K, reserved 1114112K
  class space    used 5325K, committed 5568K, reserved 1048576K
}
Event: 2.130 GC heap after
{Heap after GC invocations=10 (full 0):
 garbage-first heap   total 297984K, used 37967K [0x00000000c0000000, 0x0000000100000000)
  region size 1024K, 4 young (4096K), 4 survivors (4096K)
 Metaspace       used 37967K, committed 38464K, reserved 1114112K
  class space    used 5325K, committed 5568K, reserved 1048576K
}
Event: 2.918 GC heap before
{Heap before GC invocations=10 (full 0):
 garbage-first heap   total 297984K, used 217167K [0x00000000c0000000, 0x0000000100000000)
  region size 1024K, 174 young (178176K), 4 survivors (4096K)
 Metaspace       used 47670K, committed 48256K, reserved 1114112K
  class space    used 6816K, committed 7104K, reserved 1048576K
}
Event: 2.926 GC heap after
{Heap after GC invocations=11 (full 0):
 garbage-first heap   total 297984K, used 56350K [0x00000000c0000000, 0x0000000100000000)
  region size 1024K, 18 young (18432K), 18 survivors (18432K)
 Metaspace       used 47670K, committed 48256K, reserved 1114112K
  class space    used 6816K, committed 7104K, reserved 1048576K
}
Event: 3.257 GC heap before
{Heap before GC invocations=11 (full 0):
 garbage-first heap   total 297984K, used 214046K [0x00000000c0000000, 0x0000000100000000)
  region size 1024K, 173 young (177152K), 18 survivors (18432K)
 Metaspace       used 49084K, committed 49792K, reserved 1114112K
  class space    used 6907K, committed 7296K, reserved 1048576K
}
Event: 3.263 GC heap after
{Heap after GC invocations=12 (full 0):
 garbage-first heap   total 297984K, used 61287K [0x00000000c0000000, 0x0000000100000000)
  region size 1024K, 6 young (6144K), 6 survivors (6144K)
 Metaspace       used 49084K, committed 49792K, reserved 1114112K
  class space    used 6907K, committed 7296K, reserved 1048576K
}
Event: 4.036 GC heap before
{Heap before GC invocations=12 (full 0):
 garbage-first heap   total 297984K, used 224103K [0x00000000c0000000, 0x0000000100000000)
  region size 1024K, 166 young (169984K), 6 survivors (6144K)
 Metaspace       used 59219K, committed 59968K, reserved 1114112K
  class space    used 8293K, committed 8704K, reserved 1048576K
}
Event: 4.042 GC heap after
{Heap after GC invocations=13 (full 0):
 garbage-first heap   total 297984K, used 68963K [0x00000000c0000000, 0x0000000100000000)
  region size 1024K, 14 young (14336K), 14 survivors (14336K)
 Metaspace       used 59219K, committed 59968K, reserved 1114112K
  class space    used 8293K, committed 8704K, reserved 1048576K
}
Event: 4.065 GC heap before
{Heap before GC invocations=13 (full 0):
 garbage-first heap   total 297984K, used 71011K [0x00000000c0000000, 0x0000000100000000)
  region size 1024K, 17 young (17408K), 14 survivors (14336K)
 Metaspace       used 59453K, committed 60160K, reserved 1114112K
  class space    used 8317K, committed 8704K, reserved 1048576K
}
Event: 4.068 GC heap after
{Heap after GC invocations=14 (full 0):
 garbage-first heap   total 297984K, used 70092K [0x00000000c0000000, 0x0000000100000000)
  region size 1024K, 10 young (10240K), 10 survivors (10240K)
 Metaspace       used 59453K, committed 60160K, reserved 1114112K
  class space    used 8317K, committed 8704K, reserved 1048576K
}
Event: 7.979 GC heap before
{Heap before GC invocations=15 (full 0):
 garbage-first heap   total 249856K, used 216524K [0x00000000c0000000, 0x0000000100000000)
  region size 1024K, 146 young (149504K), 10 survivors (10240K)
 Metaspace       used 71363K, committed 72192K, reserved 1114112K
  class space    used 9674K, committed 10112K, reserved 1048576K
}
Event: 7.989 GC heap after
{Heap after GC invocations=16 (full 0):
 garbage-first heap   total 249856K, used 86463K [0x00000000c0000000, 0x0000000100000000)
  region size 1024K, 19 young (19456K), 19 survivors (19456K)
 Metaspace       used 71363K, committed 72192K, reserved 1114112K
  class space    used 9674K, committed 10112K, reserved 1048576K
}
Event: 8.530 GC heap before
{Heap before GC invocations=16 (full 0):
 garbage-first heap   total 249856K, used 197055K [0x00000000c0000000, 0x0000000100000000)
  region size 1024K, 122 young (124928K), 19 survivors (19456K)
 Metaspace       used 72811K, committed 73600K, reserved 1114112K
  class space    used 9770K, committed 10176K, reserved 1048576K
}
Event: 8.546 GC heap after
{Heap after GC invocations=17 (full 0):
 garbage-first heap   total 249856K, used 111398K [0x00000000c0000000, 0x0000000100000000)
  region size 1024K, 16 young (16384K), 16 survivors (16384K)
 Metaspace       used 72811K, committed 73600K, reserved 1114112K
  class space    used 9770K, committed 10176K, reserved 1048576K
}
Event: 9.195 GC heap before
{Heap before GC invocations=17 (full 0):
 garbage-first heap   total 249856K, used 194342K [0x00000000c0000000, 0x0000000100000000)
  region size 1024K, 95 young (97280K), 16 survivors (16384K)
 Metaspace       used 81627K, committed 82560K, reserved 1179648K
  class space    used 10727K, committed 11200K, reserved 1048576K
}
Event: 9.204 GC heap after
{Heap after GC invocations=18 (full 0):
 garbage-first heap   total 249856K, used 122916K [0x00000000c0000000, 0x0000000100000000)
  region size 1024K, 8 young (8192K), 8 survivors (8192K)
 Metaspace       used 81627K, committed 82560K, reserved 1179648K
  class space    used 10727K, committed 11200K, reserved 1048576K
}
Event: 9.458 GC heap before
{Heap before GC invocations=18 (full 0):
 garbage-first heap   total 249856K, used 195620K [0x00000000c0000000, 0x0000000100000000)
  region size 1024K, 79 young (80896K), 8 survivors (8192K)
 Metaspace       used 81892K, committed 82816K, reserved 1179648K
  class space    used 10728K, committed 11200K, reserved 1048576K
}
Event: 9.461 GC heap after
{Heap after GC invocations=19 (full 0):
 garbage-first heap   total 249856K, used 124882K [0x00000000c0000000, 0x0000000100000000)
  region size 1024K, 3 young (3072K), 3 survivors (3072K)
 Metaspace       used 81892K, committed 82816K, reserved 1179648K
  class space    used 10728K, committed 11200K, reserved 1048576K
}

